{"timestamp":"2025-10-05T11:16:37.455971Z","level":"info","event":"DAG bundles loaded: dags-folder, example_dags","logger":"airflow.dag_processing.bundles.manager.DagBundlesManager","filename":"manager.py","lineno":179}
{"timestamp":"2025-10-05T11:16:37.458359Z","level":"info","event":"Filling up the DagBag from /opt/airflow/dags/json_to_postgres.py","logger":"airflow.models.dagbag.DagBag","filename":"dagbag.py","lineno":593}
{"timestamp":"2025-10-05T11:16:37.480375Z","level":"warning","event":"The `airflow.operators.python.PythonOperator` attribute is deprecated. Please use `'airflow.providers.standard.operators.python.PythonOperator'`.","category":"DeprecatedImportWarning","filename":"/opt/airflow/dags/json_to_postgres.py","lineno":6,"logger":"py.warnings"}
{"timestamp":"2025-10-05T11:16:37.497097Z","level":"info","event":"Task instance is in running state","logger":"task.stdout"}
{"timestamp":"2025-10-05T11:16:37.498544Z","level":"info","event":" Previous state of the Task instance: TaskInstanceState.QUEUED","logger":"task.stdout"}
{"timestamp":"2025-10-05T11:16:37.499470Z","level":"info","event":"Current task name:load_raw_json_task","logger":"task.stdout"}
{"timestamp":"2025-10-05T11:16:37.500473Z","level":"info","event":"Dag name:json_to_postgres_monthly_new","logger":"task.stdout"}
{"timestamp":"2025-10-05T11:16:37.500368Z","level":"error","event":"Task failed with exception","logger":"task","filename":"task_runner.py","lineno":994,"error_detail":[{"exc_type":"FileNotFoundError","exc_value":"[Errno 2] No such file or directory: 'D:\\\\airflow\\\\JSON File'","exc_notes":[],"syntax_error":null,"is_cause":false,"frames":[{"filename":"/home/airflow/.local/lib/python3.12/site-packages/airflow/sdk/execution_time/task_runner.py","lineno":920,"name":"run"},{"filename":"/home/airflow/.local/lib/python3.12/site-packages/airflow/sdk/execution_time/task_runner.py","lineno":1307,"name":"_execute_task"},{"filename":"/home/airflow/.local/lib/python3.12/site-packages/airflow/sdk/bases/operator.py","lineno":416,"name":"wrapper"},{"filename":"/home/airflow/.local/lib/python3.12/site-packages/airflow/providers/standard/operators/python.py","lineno":216,"name":"execute"},{"filename":"/home/airflow/.local/lib/python3.12/site-packages/airflow/providers/standard/operators/python.py","lineno":239,"name":"execute_callable"},{"filename":"/home/airflow/.local/lib/python3.12/site-packages/airflow/sdk/execution_time/callback_runner.py","lineno":82,"name":"run"},{"filename":"/opt/airflow/dags/json_to_postgres.py","lineno":58,"name":"load_raw_json"}],"is_group":false,"exceptions":[]}]}
{"timestamp":"2025-10-05T11:16:37.523219Z","level":"info","event":"Task instance in failure state","logger":"task.stdout"}
{"timestamp":"2025-10-05T11:16:37.525042Z","level":"info","event":"Task start","logger":"task.stdout"}
{"timestamp":"2025-10-05T11:16:37.526167Z","level":"info","event":"Task:<Task(PythonOperator): load_raw_json_task>","logger":"task.stdout"}
{"timestamp":"2025-10-05T11:16:37.527229Z","level":"info","event":"Failure caused by [Errno 2] No such file or directory: 'D:\\\\airflow\\\\JSON File'","logger":"task.stdout"}
{"timestamp":"2025-10-05T11:49:14.386097Z","level":"info","event":"DAG bundles loaded: dags-folder, example_dags","logger":"airflow.dag_processing.bundles.manager.DagBundlesManager","filename":"manager.py","lineno":179}
{"timestamp":"2025-10-05T11:49:14.386884Z","level":"info","event":"Filling up the DagBag from /opt/airflow/dags/json_to_postgres.py","logger":"airflow.models.dagbag.DagBag","filename":"dagbag.py","lineno":593}
{"timestamp":"2025-10-05T11:49:14.404610Z","level":"warning","event":"The `airflow.operators.python.PythonOperator` attribute is deprecated. Please use `'airflow.providers.standard.operators.python.PythonOperator'`.","category":"DeprecatedImportWarning","filename":"/opt/airflow/dags/json_to_postgres.py","lineno":6,"logger":"py.warnings"}
{"timestamp":"2025-10-05T11:49:14.441502Z","level":"info","event":"Task instance is in running state","logger":"task.stdout"}
{"timestamp":"2025-10-05T11:49:14.442519Z","level":"info","event":" Previous state of the Task instance: TaskInstanceState.QUEUED","logger":"task.stdout"}
{"timestamp":"2025-10-05T11:49:14.443201Z","level":"info","event":"Current task name:load_raw_json_task","logger":"task.stdout"}
{"timestamp":"2025-10-05T11:49:14.444018Z","level":"info","event":"Dag name:json_to_postgres_monthly_new","logger":"task.stdout"}
{"timestamp":"2025-10-05T11:49:14.444525Z","level":"error","event":"Task failed with exception","logger":"task","filename":"task_runner.py","lineno":994,"error_detail":[{"exc_type":"FileNotFoundError","exc_value":"[Errno 2] No such file or directory: 'D:\\\\airflow\\\\JSON File'","exc_notes":[],"syntax_error":null,"is_cause":false,"frames":[{"filename":"/home/airflow/.local/lib/python3.12/site-packages/airflow/sdk/execution_time/task_runner.py","lineno":920,"name":"run"},{"filename":"/home/airflow/.local/lib/python3.12/site-packages/airflow/sdk/execution_time/task_runner.py","lineno":1307,"name":"_execute_task"},{"filename":"/home/airflow/.local/lib/python3.12/site-packages/airflow/sdk/bases/operator.py","lineno":416,"name":"wrapper"},{"filename":"/home/airflow/.local/lib/python3.12/site-packages/airflow/providers/standard/operators/python.py","lineno":216,"name":"execute"},{"filename":"/home/airflow/.local/lib/python3.12/site-packages/airflow/providers/standard/operators/python.py","lineno":239,"name":"execute_callable"},{"filename":"/home/airflow/.local/lib/python3.12/site-packages/airflow/sdk/execution_time/callback_runner.py","lineno":82,"name":"run"},{"filename":"/opt/airflow/dags/json_to_postgres.py","lineno":58,"name":"load_raw_json"}],"is_group":false,"exceptions":[]}]}
{"timestamp":"2025-10-05T11:49:14.470187Z","level":"info","event":"Task instance in failure state","logger":"task.stdout"}
{"timestamp":"2025-10-05T11:49:14.475940Z","level":"info","event":"Task start","logger":"task.stdout"}
{"timestamp":"2025-10-05T11:49:14.477378Z","level":"info","event":"Task:<Task(PythonOperator): load_raw_json_task>","logger":"task.stdout"}
{"timestamp":"2025-10-05T11:49:14.478264Z","level":"info","event":"Failure caused by [Errno 2] No such file or directory: 'D:\\\\airflow\\\\JSON File'","logger":"task.stdout"}
